Determining if the pthread_create exist failed with the following output:
Change Dir: /home/aaron/Desktop/Gladiators76/cmake-build-debug/CMakeFiles/CMakeTmp

Run Build Command(s):/usr/bin/make cmTC_6ed85/fast 
/usr/bin/make -f CMakeFiles/cmTC_6ed85.dir/build.make CMakeFiles/cmTC_6ed85.dir/build
make[1]: Entering directory '/home/aaron/Desktop/Gladiators76/cmake-build-debug/CMakeFiles/CMakeTmp'
Building C object CMakeFiles/cmTC_6ed85.dir/CheckSymbolExists.c.o
/usr/bin/cc    -o CMakeFiles/cmTC_6ed85.dir/CheckSymbolExists.c.o   -c /home/aaron/Desktop/Gladiators76/cmake-build-debug/CMakeFiles/CMakeTmp/CheckSymbolExists.c
Linking C executable cmTC_6ed85
/snap/clion/70/bin/cmake/linux/bin/cmake -E cmake_link_script CMakeFiles/cmTC_6ed85.dir/link.txt --verbose=1
/usr/bin/cc      CMakeFiles/cmTC_6ed85.dir/CheckSymbolExists.c.o  -o cmTC_6ed85 
CMakeFiles/cmTC_6ed85.dir/CheckSymbolExists.c.o: In function `main':
CheckSymbolExists.c:(.text+0x1b): undefined reference to `pthread_create'
collect2: error: ld returned 1 exit status
CMakeFiles/cmTC_6ed85.dir/build.make:86: recipe for target 'cmTC_6ed85' failed
make[1]: *** [cmTC_6ed85] Error 1
make[1]: Leaving directory '/home/aaron/Desktop/Gladiators76/cmake-build-debug/CMakeFiles/CMakeTmp'
Makefile:121: recipe for target 'cmTC_6ed85/fast' failed
make: *** [cmTC_6ed85/fast] Error 2

File /home/aaron/Desktop/Gladiators76/cmake-build-debug/CMakeFiles/CMakeTmp/CheckSymbolExists.c:
/* */
#include <pthread.h>

int main(int argc, char** argv)
{
  (void)argv;
#ifndef pthread_create
  return ((int*)(&pthread_create))[argc];
#else
  (void)argc;
  return 0;
#endif
}

Determining if the function pthread_create exists in the pthreads failed with the following output:
Change Dir: /home/aaron/Desktop/Gladiators76/cmake-build-debug/CMakeFiles/CMakeTmp

Run Build Command(s):/usr/bin/make cmTC_6b33f/fast 
/usr/bin/make -f CMakeFiles/cmTC_6b33f.dir/build.make CMakeFiles/cmTC_6b33f.dir/build
make[1]: Entering directory '/home/aaron/Desktop/Gladiators76/cmake-build-debug/CMakeFiles/CMakeTmp'
Building C object CMakeFiles/cmTC_6b33f.dir/CheckFunctionExists.c.o
/usr/bin/cc   -DCHECK_FUNCTION_EXISTS=pthread_create   -o CMakeFiles/cmTC_6b33f.dir/CheckFunctionExists.c.o   -c /snap/clion/70/bin/cmake/linux/share/cmake-3.14/Modules/CheckFunctionExists.c
Linking C executable cmTC_6b33f
/snap/clion/70/bin/cmake/linux/bin/cmake -E cmake_link_script CMakeFiles/cmTC_6b33f.dir/link.txt --verbose=1
/usr/bin/cc  -DCHECK_FUNCTION_EXISTS=pthread_create    CMakeFiles/cmTC_6b33f.dir/CheckFunctionExists.c.o  -o cmTC_6b33f -lpthreads 
/usr/bin/ld: cannot find -lpthreads
collect2: error: ld returned 1 exit status
CMakeFiles/cmTC_6b33f.dir/build.make:86: recipe for target 'cmTC_6b33f' failed
make[1]: *** [cmTC_6b33f] Error 1
make[1]: Leaving directory '/home/aaron/Desktop/Gladiators76/cmake-build-debug/CMakeFiles/CMakeTmp'
Makefile:121: recipe for target 'cmTC_6b33f/fast' failed
make: *** [cmTC_6b33f/fast] Error 2


